[2020-11-18T13:52:58.390] [ERROR] default - 请求id为空: 出错了
[2020-11-18T13:53:48.163] [ERROR] default - 请求id为空: 出错了
[2020-11-18T13:53:53.497] [ERROR] default - 请求id为空: 出错了
[2020-11-18T13:54:02.568] [ERROR] default - 请求id为空: 出错了
[2020-11-18T14:11:45.480] [ERROR] default - 请求id为空: 出错了
[2020-11-18T14:12:53.039] [ERROR] default - 参数个数：5个参数1：Uncaught ReferenceError: error is not defined参数2：http://localhost:63342/log4jsTest/index.html?_ijt=i8lr1sl5q14osjkheacl43jh3o参数3：31参数4：4参数5：ReferenceError: error is not defined: 出错了
[2020-11-18T14:13:02.571] [ERROR] default - 参数个数：5个参数1：Uncaught ReferenceError: error is not defined参数2：http://localhost:63342/log4jsTest/index.html?_ijt=i8lr1sl5q14osjkheacl43jh3o参数3：31参数4：4参数5：ReferenceError: error is not defined: 出错了
[2020-11-18T14:13:27.379] [ERROR] default - 参数个数：5个参数1：Uncaught ReferenceError: error is not defined参数2：http://localhost:63342/log4jsTest/index.html?_ijt=i8lr1sl5q14osjkheacl43jh3o参数3：31参数4：4参数5：ReferenceError: error is not defined: 出错了
[2020-11-18T14:13:34.926] [ERROR] default - 参数个数：5个参数1：Uncaught ReferenceError: error is not defined参数2：http://localhost:63342/log4jsTest/index.html?_ijt=i8lr1sl5q14osjkheacl43jh3o参数3：31参数4：4参数5：ReferenceError: error is not defined: 出错了
[2020-11-18T14:13:45.658] [ERROR] default - 参数个数：5个参数1：Uncaught ReferenceError: error is not defined参数2：http://localhost:63342/log4jsTest/index.html?_ijt=i8lr1sl5q14osjkheacl43jh3o参数3：31参数4：4参数5：ReferenceError: error is not defined: 出错了
[2020-11-18T14:13:47.760] [ERROR] default - 参数个数：5个参数1：Uncaught ReferenceError: error is not defined参数2：http://localhost:63342/log4jsTest/index.html?_ijt=i8lr1sl5q14osjkheacl43jh3o参数3：31参数4：4参数5：ReferenceError: error is not defined: 出错了
[2020-11-18T14:15:25.188] [ERROR] default - 参数个数：5个参数1：Uncaught ReferenceError: error is not defined参数2：http://localhost:63342/log4jsTest/index.html?_ijt=i8lr1sl5q14osjkheacl43jh3o参数3：31参数4：4参数5：ReferenceError: error is not defined: 出错了
[2020-11-18T14:15:36.428] [ERROR] default - 参数个数：5个参数1：Uncaught ReferenceError: error is not defined参数2：http://localhost:1314/index参数3：31参数4：4参数5：ReferenceError: error is not defined: 出错了
[2020-11-18T14:15:39.682] [ERROR] default - 参数个数：5个参数1：Uncaught ReferenceError: error is not defined参数2：http://localhost:1314/index.html参数3：31参数4：4参数5：ReferenceError: error is not defined: 出错了
[2020-11-18T14:15:42.429] [ERROR] default - 参数个数：5个参数1：Uncaught ReferenceError: error is not defined参数2：http://localhost:1314/index.html参数3：31参数4：4参数5：ReferenceError: error is not defined: 出错了
[2020-11-18T14:20:51.183] [ERROR] default - 123: 出错了
[2020-11-18T14:20:53.408] [ERROR] default - 123: 出错了
[2020-11-18T14:22:15.528] [ERROR] default - 参数个数：5个参数1：Uncaught ReferenceError: error is not defined参数2：http://localhost:1314/index参数3：31参数4：4参数5：ReferenceError: error is not defined: 出错了
[2020-11-18T14:23:20.058] [ERROR] default - 参数个数：5个参数1：Uncaught ReferenceError: error is not defined参数2：http://localhost:63342/log4jsTest/index.html?_ijt=i8lr1sl5q14osjkheacl43jh3o参数3：31参数4：4参数5：ReferenceError: error is not defined: 出错了
[2020-11-18T14:33:40.096] [ERROR] default - hi: 出错了
[2020-11-18T14:33:44.593] [ERROR] default - hi: 出错了
[2020-11-18T14:34:49.892] [ERROR] default - hi: 出错了
[2020-11-18T14:34:59.456] [ERROR] default - hi: 出错了
[2020-11-18T14:36:11.721] [ERROR] default - hi: 出错了
[2020-11-18T14:36:22.988] [ERROR] default - hi: 出错了
[2020-11-18T14:37:07.791] [ERROR] default - hi: 出错了
[2020-11-18T14:37:09.313] [ERROR] default - hi: 出错了
[2020-11-18T14:37:16.511] [ERROR] default - hi: 出错了
[2020-11-18T14:37:18.539] [ERROR] default - hi: 出错了
[2020-11-18T14:37:33.043] [ERROR] default - hi: 出错了
[2020-11-18T14:37:58.691] [ERROR] default - hi: 出错了
[2020-11-18T14:38:03.893] [ERROR] default - hi: 出错了
[2020-11-18T14:38:26.486] [ERROR] default - 参数个数：5个参数1：Uncaught ReferenceError: error is not defined参数2：http://localhost:1314/index.html参数3：30参数4：4参数5：ReferenceError: error is not defined: 出错了
[2020-11-18T14:38:29.080] [ERROR] default - 参数个数：5个参数1：Uncaught ReferenceError: error is not defined参数2：http://localhost:1314/index.html参数3：30参数4：4参数5：ReferenceError: error is not defined: 出错了
[2020-11-18T14:38:48.779] [ERROR] default - 参数个数：5个参数1：Uncaught ReferenceError: error is not defined参数2：http://localhost:1314/index.html参数3：30参数4：4参数5：ReferenceError: error is not defined: 出错了
[2020-11-18T14:39:25.088] [ERROR] default - 参数个数：5个参数1：Uncaught ReferenceError: error is not defined参数2：http://localhost:1314/index.html参数3：30参数4：4参数5：ReferenceError: error is not defined: 出错了
[2020-11-18T14:39:27.919] [ERROR] default - 参数个数：5个参数1：Uncaught ReferenceError: error is not defined参数2：http://localhost:1314/index.html参数3：30参数4：4参数5：ReferenceError: error is not defined: 出错了
[2020-11-18T14:39:33.772] [ERROR] default - 参数个数：5个参数1：Uncaught ReferenceError: error is not defined参数2：http://localhost:1314/index.html参数3：30参数4：4参数5：ReferenceError: error is not defined: 出错了
[2020-11-18T14:40:15.325] [ERROR] default - 参数个数：5个参数1：Uncaught ReferenceError: error is not defined参数2：http://localhost:1314/index.html参数3：30参数4：4参数5：ReferenceError: error is not defined: 出错了
[2020-11-18T14:40:18.565] [ERROR] default - 参数个数：5个参数1：Uncaught ReferenceError: error is not defined参数2：http://localhost:1314/index.html参数3：30参数4：4参数5：ReferenceError: error is not defined: 出错了
[2020-11-18T14:40:53.973] [ERROR] default - 参数个数：5个参数1：Uncaught ReferenceError: error is not defined参数2：http://localhost:1314/index.html参数3：30参数4：4参数5：ReferenceError: error is not defined: 出错了
[2020-11-18T14:44:28.146] [ERROR] default - 参数个数：5个参数1：Uncaught ReferenceError: error is not defined参数2：http://localhost:1314/index.html参数3：46参数4：4参数5：ReferenceError: error is not defined: 出错了
[2020-11-18T14:44:43.268] [ERROR] default - 参数个数：5个参数1：Uncaught ReferenceError: error is not defined参数2：http://localhost:1314/index.html参数3：46参数4：4参数5：ReferenceError: error is not defined: 出错了
[2020-11-18T14:45:24.473] [ERROR] default - 参数个数：5个参数1：Uncaught ReferenceError: error is not defined参数2：http://localhost:1314/index.html参数3：45参数4：4参数5：ReferenceError: error is not defined: 出错了
[2020-11-18T14:46:23.151] [ERROR] default - 参数个数：5个参数1：Uncaught ReferenceError: error is not defined参数2：http://localhost:1314/index.html参数3：45参数4：4参数5：ReferenceError: error is not defined: 出错了
[2020-11-18T14:49:29.548] [ERROR] default - 参数个数：5个参数1：Uncaught ReferenceError: error is not defined参数2：http://localhost:1314/index.html参数3：45参数4：4参数5：ReferenceError: error is not defined: 出错了
